\BOOKMARK [1][-]{Doc-Start}{\376\377\000I\000n\000t\000r\000o\000d\000u\000c\000t\000i\000o\000n}{}% 1
\BOOKMARK [1][-]{section.1}{\376\377\000O\000v\000e\000r\000v\000i\000e\000w\000\040\000a\000n\000d\000\040\000M\000o\000t\000i\000v\000a\000t\000i\000o\000n}{}% 2
\BOOKMARK [2][-]{subsection.1.1}{\376\377\000A\000p\000p\000l\000i\000c\000a\000t\000i\000o\000n\000s}{section.1}% 3
\BOOKMARK [2][-]{subsection.1.2}{\376\377\000F\000i\000r\000s\000t\000\040\000D\000e\000r\000i\000v\000a\000t\000i\000v\000e\000s}{section.1}% 4
\BOOKMARK [2][-]{subsection.1.3}{\376\377\000I\000n\000t\000r\000o\000:\000\040\000M\000a\000t\000r\000i\000x\000\040\000a\000n\000d\000\040\000V\000e\000c\000t\000o\000r\000\040\000P\000r\000o\000d\000u\000c\000t\000\040\000R\000u\000l\000e}{section.1}% 5
\BOOKMARK [1][-]{section.2}{\376\377\000D\000e\000r\000i\000v\000a\000t\000i\000v\000e\000s\000\040\000a\000s\000\040\000L\000i\000n\000e\000a\000r\000\040\000O\000p\000e\000r\000a\000t\000o\000r\000s}{}% 6
\BOOKMARK [2][-]{subsection.2.1}{\376\377\000R\000e\000v\000i\000s\000i\000t\000i\000n\000g\000\040\000s\000i\000n\000g\000l\000e\000-\000v\000a\000r\000i\000a\000b\000l\000e\000\040\000c\000a\000l\000c\000u\000l\000u\000s}{section.2}% 7
\BOOKMARK [2][-]{subsection.2.2}{\376\377\000L\000i\000n\000e\000a\000r\000\040\000o\000p\000e\000r\000a\000t\000o\000r\000s}{section.2}% 8
\BOOKMARK [3][-]{subsubsection.2.2.1}{\376\377\000D\000i\000r\000e\000c\000t\000i\000o\000n\000a\000l\000\040\000d\000e\000r\000i\000v\000a\000t\000i\000v\000e\000s}{subsection.2.2}% 9
\BOOKMARK [2][-]{subsection.2.3}{\376\377\000R\000e\000v\000i\000s\000i\000t\000i\000n\000g\000\040\000m\000u\000l\000t\000i\000v\000a\000r\000i\000a\000b\000l\000e\000\040\000c\000a\000l\000c\000u\000l\000u\000s\000,\000\040\000P\000a\000r\000t\000\040\0001\000:\000\040\000S\000c\000a\000l\000a\000r\000-\000v\000a\000l\000u\000e\000d\000\040\000f\000u\000n\000c\000t\000i\000o\000n\000s}{section.2}% 10
\BOOKMARK [2][-]{subsection.2.4}{\376\377\000R\000e\000v\000i\000s\000i\000t\000i\000n\000g\000\040\000m\000u\000l\000t\000i\000v\000a\000r\000i\000a\000b\000l\000e\000\040\000c\000a\000l\000c\000u\000l\000u\000s\000,\000\040\000P\000a\000r\000t\000\040\0002\000:\000\040\000V\000e\000c\000t\000o\000r\000-\000v\000a\000l\000u\000e\000d\000\040\000f\000u\000n\000c\000t\000i\000o\000n\000s}{section.2}% 11
\BOOKMARK [2][-]{subsection.2.5}{\376\377\000T\000h\000e\000\040\000C\000h\000a\000i\000n\000\040\000R\000u\000l\000e}{section.2}% 12
\BOOKMARK [3][-]{subsubsection.2.5.1}{\376\377\000C\000o\000s\000t\000\040\000o\000f\000\040\000M\000a\000t\000r\000i\000x\000\040\000M\000u\000l\000t\000i\000p\000l\000i\000c\000a\000t\000i\000o\000n}{subsection.2.5}% 13
\BOOKMARK [2][-]{subsection.2.6}{\376\377\000B\000e\000y\000o\000n\000d\000\040\000M\000u\000l\000t\000i\000-\000V\000a\000r\000i\000a\000b\000l\000e\000\040\000D\000e\000r\000i\000v\000a\000t\000i\000v\000e\000s}{section.2}% 14
\BOOKMARK [1][-]{section.3}{\376\377\000J\000a\000c\000o\000b\000i\000a\000n\000s\000\040\000o\000f\000\040\000M\000a\000t\000r\000i\000x\000\040\000F\000u\000n\000c\000t\000i\000o\000n\000s}{}% 15
\BOOKMARK [2][-]{subsection.3.1}{\376\377\000D\000e\000r\000i\000v\000a\000t\000i\000v\000e\000s\000\040\000o\000f\000\040\000m\000a\000t\000r\000i\000x\000\040\000f\000u\000n\000c\000t\000i\000o\000n\000s\000:\000\040\000L\000i\000n\000e\000a\000r\000\040\000o\000p\000e\000r\000a\000t\000o\000r\000s}{section.3}% 16
\BOOKMARK [2][-]{subsection.3.2}{\376\377\000A\000\040\000s\000i\000m\000p\000l\000e\000\040\000e\000x\000a\000m\000p\000l\000e\000:\000\040\000T\000h\000e\000\040\000t\000w\000o\000-\000b\000y\000-\000t\000w\000o\000\040\000m\000a\000t\000r\000i\000x\000-\000s\000q\000u\000a\000r\000e\000\040\000f\000u\000n\000c\000t\000i\000o\000n}{section.3}% 17
\BOOKMARK [3][-]{subsubsection.3.2.1}{\376\377\000T\000h\000e\000\040\000m\000a\000t\000r\000i\000x\000-\000s\000q\000u\000a\000r\000i\000n\000g\000\040\000f\000o\000u\000r\000-\000b\000y\000-\000f\000o\000u\000r\000\040\000J\000a\000c\000o\000b\000i\000a\000n\000\040\000m\000a\000t\000r\000i\000x}{subsection.3.2}% 18
\BOOKMARK [2][-]{subsection.3.3}{\376\377\000K\000r\000o\000n\000e\000c\000k\000e\000r\000\040\000P\000r\000o\000d\000u\000c\000t\000s}{section.3}% 19
\BOOKMARK [3][-]{subsubsection.3.3.1}{\376\377\000K\000e\000y\000\040\000K\000r\000o\000n\000e\000c\000k\000e\000r\000-\000p\000r\000o\000d\000u\000c\000t\000\040\000i\000d\000e\000n\000t\000i\000t\000y}{subsection.3.3}% 20
\BOOKMARK [3][-]{subsubsection.3.3.2}{\376\377\000T\000h\000e\000\040\000J\000a\000c\000o\000b\000i\000a\000n\000\040\000i\000n\000\040\000K\000r\000o\000n\000e\000c\000k\000e\000r\000-\000p\000r\000o\000d\000u\000c\000t\000\040\000n\000o\000t\000a\000t\000i\000o\000n}{subsection.3.3}% 21
\BOOKMARK [3][-]{subsubsection.3.3.3}{\376\377\000T\000h\000e\000\040\000c\000o\000m\000p\000u\000t\000a\000t\000i\000o\000n\000a\000l\000\040\000c\000o\000s\000t\000\040\000o\000f\000\040\000K\000r\000o\000n\000e\000c\000k\000e\000r\000\040\000p\000r\000o\000d\000u\000c\000t\000s}{subsection.3.3}% 22
\BOOKMARK [1][-]{section.4}{\376\377\000F\000i\000n\000i\000t\000e\000-\000D\000i\000f\000f\000e\000r\000e\000n\000c\000e\000\040\000A\000p\000p\000r\000o\000x\000i\000m\000a\000t\000i\000o\000n\000s}{}% 23
\BOOKMARK [2][-]{subsection.4.1}{\376\377\000W\000h\000y\000\040\000c\000o\000m\000p\000u\000t\000e\000\040\000d\000e\000r\000i\000v\000a\000t\000i\000v\000e\000s\000\040\000a\000p\000p\000r\000o\000x\000i\000m\000a\000t\000e\000l\000y\000\040\000i\000n\000s\000t\000e\000a\000d\000\040\000o\000f\000\040\000e\000x\000a\000c\000t\000l\000y\000?}{section.4}% 24
\BOOKMARK [2][-]{subsection.4.2}{\376\377\000F\000i\000n\000i\000t\000e\000-\000D\000i\000f\000f\000e\000r\000e\000n\000c\000e\000\040\000A\000p\000p\000r\000o\000x\000i\000m\000a\000t\000i\000o\000n\000s\000:\000\040\000E\000a\000s\000y\000\040\000V\000e\000r\000s\000i\000o\000n}{section.4}% 25
\BOOKMARK [2][-]{subsection.4.3}{\376\377\000E\000x\000a\000m\000p\000l\000e\000:\000\040\000M\000a\000t\000r\000i\000x\000\040\000s\000q\000u\000a\000r\000i\000n\000g}{section.4}% 26
\BOOKMARK [2][-]{subsection.4.4}{\376\377\000A\000c\000c\000u\000r\000a\000c\000y\000\040\000o\000f\000\040\000F\000i\000n\000i\000t\000e\000\040\000D\000i\000f\000f\000e\000r\000e\000n\000c\000e\000s}{section.4}% 27
\BOOKMARK [2][-]{subsection.4.5}{\376\377\000O\000r\000d\000e\000r\000\040\000o\000f\000\040\000a\000c\000c\000u\000r\000a\000c\000y}{section.4}% 28
\BOOKMARK [2][-]{subsection.4.6}{\376\377\000R\000o\000u\000n\000d\000o\000f\000f\000\040\000e\000r\000r\000o\000r}{section.4}% 29
\BOOKMARK [2][-]{subsection.4.7}{\376\377\000O\000t\000h\000e\000r\000\040\000f\000i\000n\000i\000t\000e\000-\000d\000i\000f\000f\000e\000r\000e\000n\000c\000e\000\040\000m\000e\000t\000h\000o\000d\000s}{section.4}% 30
\BOOKMARK [1][-]{section.5}{\376\377\000D\000e\000r\000i\000v\000a\000t\000i\000v\000e\000s\000\040\000i\000n\000\040\000G\000e\000n\000e\000r\000a\000l\000\040\000V\000e\000c\000t\000o\000r\000\040\000S\000p\000a\000c\000e\000s}{}% 31
\BOOKMARK [2][-]{subsection.5.1}{\376\377\000A\000\040\000S\000i\000m\000p\000l\000e\000\040\000M\000a\000t\000r\000i\000x\000\040\000D\000o\000t\000\040\000P\000r\000o\000d\000u\000c\000t\000\040\000a\000n\000d\000\040\000N\000o\000r\000m}{section.5}% 32
\BOOKMARK [2][-]{subsection.5.2}{\376\377\000D\000e\000r\000i\000v\000a\000t\000i\000v\000e\000s\000,\000\040\000N\000o\000r\000m\000s\000,\000\040\000a\000n\000d\000\040\000B\000a\000n\000a\000c\000h\000\040\000s\000p\000a\000c\000e\000s}{section.5}% 33
\BOOKMARK [1][-]{section.6}{\376\377\000N\000o\000n\000l\000i\000n\000e\000a\000r\000\040\000R\000o\000o\000t\000-\000F\000i\000n\000d\000i\000n\000g\000,\000\040\000O\000p\000t\000i\000m\000i\000z\000a\000t\000i\000o\000n\000,\000\040\000a\000n\000d\000\040\000A\000d\000j\000o\000i\000n\000t\000\040\000D\000i\000f\000f\000e\000r\000e\000n\000t\000i\000a\000t\000i\000o\000n}{}% 34
\BOOKMARK [2][-]{subsection.6.1}{\376\377\000N\000e\000w\000t\000o\000n\000'\000s\000\040\000M\000e\000t\000h\000o\000d}{section.6}% 35
\BOOKMARK [3][-]{subsubsection.6.1.1}{\376\377\000S\000c\000a\000l\000a\000r\000\040\000F\000u\000n\000c\000t\000i\000o\000n\000s}{subsection.6.1}% 36
\BOOKMARK [3][-]{subsubsection.6.1.2}{\376\377\000M\000u\000l\000t\000i\000d\000i\000m\000e\000n\000s\000i\000o\000n\000a\000l\000\040\000F\000u\000n\000c\000t\000i\000o\000n\000s}{subsection.6.1}% 37
\BOOKMARK [2][-]{subsection.6.2}{\376\377\000O\000p\000t\000i\000m\000i\000z\000a\000t\000i\000o\000n}{section.6}% 38
\BOOKMARK [3][-]{subsubsection.6.2.1}{\376\377\000N\000o\000n\000l\000i\000n\000e\000a\000r\000\040\000O\000p\000t\000i\000m\000i\000z\000a\000t\000i\000o\000n}{subsection.6.2}% 39
\BOOKMARK [3][-]{subsubsection.6.2.2}{\376\377\000E\000n\000g\000i\000n\000e\000e\000r\000i\000n\000g\000/\000P\000h\000y\000s\000i\000c\000a\000l\000\040\000O\000p\000t\000i\000m\000i\000z\000a\000t\000i\000o\000n}{subsection.6.2}% 40
\BOOKMARK [2][-]{subsection.6.3}{\376\377\000R\000e\000v\000e\000r\000s\000e\000-\000m\000o\000d\000e\000\040\000`\000`\000A\000d\000j\000o\000i\000n\000t\000'\000'\000\040\000D\000i\000f\000f\000e\000r\000e\000n\000t\000i\000a\000t\000i\000o\000n}{section.6}% 41
\BOOKMARK [3][-]{subsubsection.6.3.1}{\376\377\000N\000o\000n\000l\000i\000n\000e\000a\000r\000\040\000e\000q\000u\000a\000t\000i\000o\000n\000s}{subsection.6.3}% 42
\BOOKMARK [3][-]{subsubsection.6.3.2}{\376\377\000A\000d\000j\000o\000i\000n\000t\000\040\000m\000e\000t\000h\000o\000d\000s\000\040\000a\000n\000d\000\040\000A\000D}{subsection.6.3}% 43
\BOOKMARK [3][-]{subsubsection.6.3.3}{\376\377\000A\000d\000j\000o\000i\000n\000t\000-\000m\000e\000t\000h\000o\000d\000\040\000e\000x\000a\000m\000p\000l\000e}{subsection.6.3}% 44
\BOOKMARK [1][-]{section.7}{\376\377\000D\000e\000r\000i\000v\000a\000t\000i\000v\000e\000\040\000o\000f\000\040\000M\000a\000t\000r\000i\000x\000\040\000D\000e\000t\000e\000r\000m\000i\000n\000a\000n\000t\000\040\000a\000n\000d\000\040\000I\000n\000v\000e\000r\000s\000e}{}% 45
\BOOKMARK [2][-]{subsection.7.1}{\376\377\000T\000w\000o\000\040\000D\000e\000r\000i\000v\000a\000t\000i\000o\000n\000s}{section.7}% 46
\BOOKMARK [2][-]{subsection.7.2}{\376\377\000A\000p\000p\000l\000i\000c\000a\000t\000i\000o\000n\000s}{section.7}% 47
\BOOKMARK [3][-]{subsubsection.7.2.1}{\376\377\000C\000h\000a\000r\000a\000c\000t\000e\000r\000i\000s\000t\000i\000c\000\040\000P\000o\000l\000y\000n\000o\000m\000i\000a\000l}{subsection.7.2}% 48
\BOOKMARK [3][-]{subsubsection.7.2.2}{\376\377\000T\000h\000e\000\040\000L\000o\000g\000a\000r\000i\000t\000h\000m\000i\000c\000\040\000D\000e\000r\000i\000v\000a\000t\000i\000v\000e}{subsection.7.2}% 49
\BOOKMARK [2][-]{subsection.7.3}{\376\377\000J\000a\000c\000o\000b\000i\000a\000n\000\040\000o\000f\000\040\000t\000h\000e\000\040\000I\000n\000v\000e\000r\000s\000e}{section.7}% 50
\BOOKMARK [1][-]{section.8}{\376\377\000F\000o\000r\000w\000a\000r\000d\000\040\000a\000n\000d\000\040\000R\000e\000v\000e\000r\000s\000e\000-\000M\000o\000d\000e\000\040\000A\000u\000t\000o\000m\000a\000t\000i\000c\000\040\000D\000i\000f\000f\000e\000r\000e\000n\000t\000i\000a\000t\000i\000o\000n}{}% 51
\BOOKMARK [2][-]{subsection.8.1}{\376\377\000A\000u\000t\000o\000m\000a\000t\000i\000c\000\040\000D\000i\000f\000f\000e\000r\000e\000n\000t\000i\000a\000t\000i\000o\000n\000\040\000v\000i\000a\000\040\000D\000u\000a\000l\000\040\000N\000u\000m\000b\000e\000r\000s}{section.8}% 52
\BOOKMARK [3][-]{subsubsection.8.1.1}{\376\377\000E\000x\000a\000m\000p\000l\000e\000:\000\040\000B\000a\000b\000y\000l\000o\000n\000i\000a\000n\000\040\000s\000q\000u\000a\000r\000e\000\040\000r\000o\000o\000t}{subsection.8.1}% 53
\BOOKMARK [3][-]{subsubsection.8.1.2}{\376\377\000E\000a\000s\000y\000\040\000f\000o\000r\000w\000a\000r\000d\000-\000m\000o\000d\000e\000\040\000A\000D}{subsection.8.1}% 54
\BOOKMARK [3][-]{subsubsection.8.1.3}{\376\377\000D\000u\000a\000l\000\040\000n\000u\000m\000b\000e\000r\000s}{subsection.8.1}% 55
\BOOKMARK [2][-]{subsection.8.2}{\376\377\000N\000a\000i\000v\000e\000\040\000s\000y\000m\000b\000o\000l\000i\000c\000\040\000d\000i\000f\000f\000e\000r\000e\000n\000t\000i\000a\000t\000i\000o\000n}{section.8}% 56
\BOOKMARK [2][-]{subsection.8.3}{\376\377\000A\000u\000t\000o\000m\000a\000t\000i\000c\000\040\000D\000i\000f\000f\000e\000r\000e\000n\000t\000i\000a\000t\000i\000o\000n\000\040\000v\000i\000a\000\040\000C\000o\000m\000p\000u\000t\000a\000t\000i\000o\000n\000a\000l\000\040\000G\000r\000a\000p\000h\000s}{section.8}% 57
\BOOKMARK [3][-]{subsubsection.8.3.1}{\376\377\000R\000e\000v\000e\000r\000s\000e\000\040\000M\000o\000d\000e\000\040\000A\000u\000t\000o\000m\000a\000t\000i\000c\000\040\000D\000i\000f\000f\000e\000r\000e\000n\000t\000i\000a\000t\000i\000o\000n\000\040\000o\000n\000\040\000G\000r\000a\000p\000h\000s}{subsection.8.3}% 58
\BOOKMARK [2][-]{subsection.8.4}{\376\377\000F\000o\000r\000w\000a\000r\000d\000-\000\040\000v\000s\000.\000\040\000R\000e\000v\000e\000r\000s\000e\000-\000m\000o\000d\000e\000\040\000D\000i\000f\000f\000e\000r\000e\000n\000t\000i\000a\000t\000i\000o\000n}{section.8}% 59
\BOOKMARK [3][-]{subsubsection.8.4.1}{\376\377\000F\000o\000r\000w\000a\000r\000d\000-\000o\000v\000e\000r\000-\000r\000e\000v\000e\000r\000s\000e\000\040\000m\000o\000d\000e\000:\000\040\000S\000e\000c\000o\000n\000d\000\040\000d\000e\000r\000i\000v\000a\000t\000i\000v\000e\000s}{subsection.8.4}% 60
\BOOKMARK [1][-]{section.9}{\376\377\000D\000i\000f\000f\000e\000r\000e\000n\000t\000i\000a\000t\000i\000n\000g\000\040\000O\000D\000E\000\040\000s\000o\000l\000u\000t\000i\000o\000n\000s}{}% 61
\BOOKMARK [2][-]{subsection.9.1}{\376\377\000O\000r\000d\000i\000n\000a\000r\000y\000\040\000d\000i\000f\000f\000e\000r\000e\000n\000t\000i\000a\000l\000\040\000e\000q\000u\000a\000t\000i\000o\000n\000s\000\040\000\050\000O\000D\000E\000s\000\051}{section.9}% 62
\BOOKMARK [2][-]{subsection.9.2}{\376\377\000S\000e\000n\000s\000i\000t\000i\000v\000i\000t\000y\000\040\000a\000n\000a\000l\000y\000s\000i\000s\000\040\000o\000f\000\040\000O\000D\000E\000\040\000s\000o\000l\000u\000t\000i\000o\000n\000s}{section.9}% 63
\BOOKMARK [3][-]{subsubsection.9.2.1}{\376\377\000F\000o\000r\000w\000a\000r\000d\000\040\000s\000e\000n\000s\000i\000t\000i\000v\000i\000t\000y\000\040\000a\000n\000a\000l\000y\000s\000i\000s\000\040\000o\000f\000\040\000O\000D\000E\000s}{subsection.9.2}% 64
\BOOKMARK [3][-]{subsubsection.9.2.2}{\376\377\000R\000e\000v\000e\000r\000s\000e\000/\000a\000d\000j\000o\000i\000n\000t\000\040\000s\000e\000n\000s\000i\000t\000i\000v\000i\000t\000y\000\040\000a\000n\000a\000l\000y\000s\000i\000s\000\040\000o\000f\000\040\000O\000D\000E\000s}{subsection.9.2}% 65
\BOOKMARK [2][-]{subsection.9.3}{\376\377\000E\000x\000a\000m\000p\000l\000e}{section.9}% 66
\BOOKMARK [3][-]{subsubsection.9.3.1}{\376\377\000F\000o\000r\000w\000a\000r\000d\000\040\000m\000o\000d\000e}{subsection.9.3}% 67
\BOOKMARK [3][-]{subsubsection.9.3.2}{\376\377\000R\000e\000v\000e\000r\000s\000e\000\040\000m\000o\000d\000e}{subsection.9.3}% 68
\BOOKMARK [2][-]{subsection.9.4}{\376\377\000F\000u\000r\000t\000h\000e\000r\000\040\000r\000e\000a\000d\000i\000n\000g}{section.9}% 69
\BOOKMARK [1][-]{section.10}{\376\377\000C\000a\000l\000c\000u\000l\000u\000s\000\040\000o\000f\000\040\000V\000a\000r\000i\000a\000t\000i\000o\000n\000s}{}% 70
\BOOKMARK [2][-]{subsection.10.1}{\376\377\000F\000u\000n\000c\000t\000i\000o\000n\000a\000l\000s\000:\000\040\000M\000a\000p\000p\000i\000n\000g\000\040\000f\000u\000n\000c\000t\000i\000o\000n\000s\000\040\000t\000o\000\040\000s\000c\000a\000l\000a\000r\000s}{section.10}% 71
\BOOKMARK [2][-]{subsection.10.2}{\376\377\000I\000n\000n\000e\000r\000\040\000p\000r\000o\000d\000u\000c\000t\000s\000\040\000o\000f\000\040\000f\000u\000n\000c\000t\000i\000o\000n\000s}{section.10}% 72
\BOOKMARK [2][-]{subsection.10.3}{\376\377\000E\000x\000a\000m\000p\000l\000e\000:\000\040\000M\000i\000n\000i\000m\000i\000z\000i\000n\000g\000\040\000a\000r\000c\000\040\000l\000e\000n\000g\000t\000h}{section.10}% 73
\BOOKMARK [2][-]{subsection.10.4}{\376\377\000E\000u\000l\000e\000r\040\023\000L\000a\000g\000r\000a\000n\000g\000e\000\040\000e\000q\000u\000a\000t\000i\000o\000n\000s}{section.10}% 74
\BOOKMARK [1][-]{section.11}{\376\377\000D\000e\000r\000i\000v\000a\000t\000i\000v\000e\000s\000\040\000o\000f\000\040\000R\000a\000n\000d\000o\000m\000\040\000F\000u\000n\000c\000t\000i\000o\000n\000s}{}% 75
\BOOKMARK [2][-]{subsection.11.1}{\376\377\000I\000n\000t\000r\000o\000d\000u\000c\000t\000i\000o\000n}{section.11}% 76
\BOOKMARK [2][-]{subsection.11.2}{\376\377\000S\000t\000o\000c\000h\000a\000s\000t\000i\000c\000\040\000p\000r\000o\000g\000r\000a\000m\000s}{section.11}% 77
\BOOKMARK [2][-]{subsection.11.3}{\376\377\000S\000t\000o\000c\000h\000a\000s\000t\000i\000c\000\040\000d\000i\000f\000f\000e\000r\000e\000n\000t\000i\000a\000l\000s\000\040\000a\000n\000d\000\040\000t\000h\000e\000\040\000r\000e\000p\000a\000r\000a\000m\000e\000t\000e\000r\000i\000z\000a\000t\000i\000o\000n\000\040\000t\000r\000i\000c\000k}{section.11}% 78
\BOOKMARK [2][-]{subsection.11.4}{\376\377\000H\000a\000n\000d\000l\000i\000n\000g\000\040\000d\000i\000s\000c\000r\000e\000t\000e\000\040\000r\000a\000n\000d\000o\000m\000n\000e\000s\000s}{section.11}% 79
\BOOKMARK [1][-]{section.12}{\376\377\000S\000e\000c\000o\000n\000d\000\040\000D\000e\000r\000i\000v\000a\000t\000i\000v\000e\000s\000,\000\040\000B\000i\000l\000i\000n\000e\000a\000r\000\040\000M\000a\000p\000s\000,\000\040\000a\000n\000d\000\040\000H\000e\000s\000s\000i\000a\000n\000\040\000M\000a\000t\000r\000i\000c\000e\000s}{}% 80
\BOOKMARK [2][-]{subsection.12.1}{\376\377\000H\000e\000s\000s\000i\000a\000n\000\040\000m\000a\000t\000r\000i\000c\000e\000s\000\040\000o\000f\000\040\000s\000c\000a\000l\000a\000r\000-\000v\000a\000l\000u\000e\000d\000\040\000f\000u\000n\000c\000t\000i\000o\000n\000s}{section.12}% 81
\BOOKMARK [2][-]{subsection.12.2}{\376\377\000G\000e\000n\000e\000r\000a\000l\000\040\000s\000e\000c\000o\000n\000d\000\040\000d\000e\000r\000i\000v\000a\000t\000i\000v\000e\000s\000:\000\040\000B\000i\000l\000i\000n\000e\000a\000r\000\040\000m\000a\000p\000s}{section.12}% 82
\BOOKMARK [2][-]{subsection.12.3}{\376\377\000G\000e\000n\000e\000r\000a\000l\000i\000z\000e\000d\000\040\000q\000u\000a\000d\000r\000a\000t\000i\000c\000\040\000a\000p\000p\000r\000o\000x\000i\000m\000a\000t\000i\000o\000n}{section.12}% 83
\BOOKMARK [2][-]{subsection.12.4}{\376\377\000H\000e\000s\000s\000i\000a\000n\000s\000\040\000a\000n\000d\000\040\000o\000p\000t\000i\000m\000i\000z\000a\000t\000i\000o\000n}{section.12}% 84
\BOOKMARK [3][-]{subsubsection.12.4.1}{\376\377\000N\000e\000w\000t\000o\000n\000-\000l\000i\000k\000e\000\040\000m\000e\000t\000h\000o\000d\000s}{subsection.12.4}% 85
\BOOKMARK [3][-]{subsubsection.12.4.2}{\376\377\000C\000o\000m\000p\000u\000t\000i\000n\000g\000\040\000H\000e\000s\000s\000i\000a\000n\000s}{subsection.12.4}% 86
\BOOKMARK [3][-]{subsubsection.12.4.3}{\376\377\000M\000i\000n\000i\000m\000a\000,\000\040\000m\000a\000x\000i\000m\000a\000,\000\040\000a\000n\000d\000\040\000s\000a\000d\000d\000l\000e\000\040\000p\000o\000i\000n\000t\000s}{subsection.12.4}% 87
\BOOKMARK [2][-]{subsection.12.5}{\376\377\000F\000u\000r\000t\000h\000e\000r\000\040\000R\000e\000a\000d\000i\000n\000g}{section.12}% 88
\BOOKMARK [1][-]{section.13}{\376\377\000D\000e\000r\000i\000v\000a\000t\000i\000v\000e\000s\000\040\000o\000f\000\040\000E\000i\000g\000e\000n\000p\000r\000o\000b\000l\000e\000m\000s}{}% 89
\BOOKMARK [2][-]{subsection.13.1}{\376\377\000D\000i\000f\000f\000e\000r\000e\000n\000t\000i\000a\000t\000i\000n\000g\000\040\000o\000n\000\040\000t\000h\000e\000\040\000U\000n\000i\000t\000\040\000S\000p\000h\000e\000r\000e}{section.13}% 90
\BOOKMARK [3][-]{subsubsection.13.1.1}{\376\377\000S\000p\000e\000c\000i\000a\000l\000\040\000C\000a\000s\000e\000:\000\040\000A\000\040\000C\000i\000r\000c\000l\000e}{subsection.13.1}% 91
\BOOKMARK [3][-]{subsubsection.13.1.2}{\376\377\000O\000n\000\040\000t\000h\000e\000\040\000S\000p\000h\000e\000r\000e}{subsection.13.1}% 92
\BOOKMARK [2][-]{subsection.13.2}{\376\377\000D\000i\000f\000f\000e\000r\000e\000n\000t\000i\000a\000t\000i\000n\000g\000\040\000o\000n\000\040\000O\000r\000t\000h\000o\000g\000o\000n\000a\000l\000\040\000M\000a\000t\000r\000i\000c\000e\000s}{section.13}% 93
\BOOKMARK [3][-]{subsubsection.13.2.1}{\376\377\000D\000i\000f\000f\000e\000r\000e\000n\000t\000i\000a\000t\000i\000n\000g\000\040\000t\000h\000e\000\040\000S\000y\000m\000m\000e\000t\000r\000i\000c\000\040\000E\000i\000g\000e\000n\000d\000e\000c\000o\000m\000p\000o\000s\000i\000t\000i\000o\000n}{subsection.13.2}% 94
\BOOKMARK [1][-]{section.14}{\376\377\000W\000h\000e\000r\000e\000\040\000W\000e\000\040\000G\000o\000\040\000F\000r\000o\000m\000\040\000H\000e\000r\000e}{}% 95
